<?xml version="1.0" encoding="UTF-8"?>
<testsuite xmlns:xsi="http://www.w3.org/2001/XMLSchema-instance" xsi:noNamespaceSchemaLocation="https://maven.apache.org/surefire/maven-surefire-plugin/xsd/surefire-test-report.xsd" name="Task1.BurgerTest" time="0.001" tests="6" errors="0" skipped="0" failures="0">
  <properties>
[...]
</properties>
  <testcase name="addIngredient" classname="Task1.BurgerTest" time="0"/>
  <testcase name="removeIngredient" classname="Task1.BurgerTest" time="0"/>
  <testcase name="moveIngredient" classname="Task1.BurgerTest" time="0"/>
  <testcase name="getReceiptTest" classname="Task1.BurgerTest" time="0"/>
  <testcase name="getPrice" classname="Task1.BurgerTest" time="0"/>
  <testcase name="setBuns" classname="Task1.BurgerTest" time="0"/>
</testsuite>